  doodlejump.cpp
c:\users\jerem\documents\coursynov\2020_2021\c++\doodlejump\doodlejump\doodlejump.cpp(39): warning C4244: 'argument' : conversion de 'time_t' en 'unsigned int', perte possible de données
c:\users\jerem\documents\coursynov\2020_2021\c++\doodlejump\doodlejump\doodlejump.cpp(91): warning C4305: '+=' : troncation de 'double' à 'float'
c:\users\jerem\documents\coursynov\2020_2021\c++\doodlejump\doodlejump\doodlejump.cpp(92): warning C4244: '+=' : conversion de 'float' en 'int', perte possible de données
c:\users\jerem\documents\coursynov\2020_2021\c++\doodlejump\doodlejump\doodlejump.cpp(98): warning C4244: '-=' : conversion de 'float' en 'T', perte possible de données
          with
          [
              T=unsigned int
          ]
c:\users\jerem\documents\coursynov\2020_2021\c++\doodlejump\doodlejump\doodlejump.cpp(109): warning C4018: '>' : incompatibilité signed/unsigned
c:\users\jerem\documents\coursynov\2020_2021\c++\doodlejump\doodlejump\doodlejump.cpp(109): warning C4018: '<' : incompatibilité signed/unsigned
c:\users\jerem\documents\coursynov\2020_2021\c++\doodlejump\doodlejump\doodlejump.cpp(110): warning C4018: '>' : incompatibilité signed/unsigned
c:\users\jerem\documents\coursynov\2020_2021\c++\doodlejump\doodlejump\doodlejump.cpp(110): warning C4018: '<' : incompatibilité signed/unsigned
c:\users\jerem\documents\coursynov\2020_2021\c++\doodlejump\doodlejump\doodlejump.cpp(117): warning C4244: 'argument' : conversion de 'int' en 'float', perte possible de données
c:\users\jerem\documents\coursynov\2020_2021\c++\doodlejump\doodlejump\doodlejump.cpp(125): warning C4244: 'argument' : conversion de 'T' en 'float', perte possible de données
          with
          [
              T=unsigned int
          ]
  Génération de code en cours
  1 of 111 functions ( 0.9%) were compiled, the rest were copied from previous compilation.
    0 functions were new in current compilation
    0 functions had inline decision re-evaluated but remain unchanged
  Fin de la génération du code
  doodlejump.vcxproj -> C:\Users\jerem\Documents\CoursYnov\2020_2021\C++\doodlejump\Release\doodlejump.exe
